TN:
SF:src\modules\feedbacks\useCases\SubmitFeedbackUseCase.ts
FN:17,execute
FN:12,SubmitFeedbackUseCase
FNF:2
FNH:2
FNDA:4,execute
FNDA:4,SubmitFeedbackUseCase
DA:1,1
DA:2,1
DA:3,1
DA:4,1
DA:5,1
DA:6,1
DA:7,1
DA:8,1
DA:9,1
DA:10,1
DA:11,1
DA:12,1
DA:13,4
DA:14,4
DA:15,4
DA:16,1
DA:17,1
DA:18,4
DA:19,4
DA:20,4
DA:21,4
DA:22,4
DA:23,1
DA:24,1
DA:25,3
DA:26,4
DA:27,1
DA:28,1
DA:29,2
DA:30,4
DA:31,1
DA:32,1
DA:33,1
DA:34,1
DA:35,1
DA:36,1
DA:37,1
DA:38,1
DA:39,1
DA:40,1
DA:41,1
DA:42,1
DA:43,1
DA:44,4
DA:45,4
DA:46,4
DA:47,4
DA:48,1
DA:49,1
LF:49
LH:49
BRDA:17,0,0,4
BRDA:22,1,0,1
BRDA:25,2,0,3
BRDA:26,3,0,1
BRDA:29,4,0,2
BRDA:30,5,0,1
BRDA:44,6,0,0
BRDA:48,7,0,1
BRDA:12,8,0,4
BRF:9
BRH:8
end_of_record
TN:
SF:src\shared\enums\HttpStatus.ts
FNF:0
FNH:0
DA:1,1
DA:2,1
DA:3,1
DA:4,1
DA:5,1
DA:6,1
DA:7,1
DA:8,1
DA:9,1
LF:9
LH:9
BRDA:1,0,0,1
BRF:1
BRH:1
end_of_record
TN:
SF:src\shared\errors\AppError.ts
FN:7,AppError
FNF:1
FNH:1
FNDA:6,AppError
DA:1,1
DA:2,1
DA:3,1
DA:4,1
DA:5,1
DA:6,1
DA:7,1
DA:8,6
DA:9,6
DA:10,6
DA:11,1
LF:11
LH:11
BRDA:7,0,0,6
BRF:1
BRH:1
end_of_record
